<?xml version="1.0" encoding="UTF-8"?>
<testsuite name="kas.helvar.HelvarPointsMapTest" tests="1" skipped="0" failures="0" errors="0" timestamp="2022-06-05T21:04:12" hostname="KAS-DESKTOP" time="0.04">
  <properties/>
  <testcase name="testAddPointsFromJson()" classname="kas.helvar.HelvarPointsMapTest" time="0.04"/>
  <system-out><![CDATA[Start Test
PRINT: 2 {"10.119.140.87":{"PORT_CONTROLLER":50000,"STATUS":false,"Points":{"286":{"HELVAR_GROUP":286,"DIMMING":true,"ROOM":"2.20.1","ELECTRIC_GROUP":"33D"},"287":{"HELVAR_GROUP":287,"DIMMING":true,"ROOM":"2.20.2","ELECTRIC_GROUP":"34D"},"257":{"HELVAR_GROUP":257,"DIMMING":false,"ROOM":"2.15","ELECTRIC_GROUP":"20, A20"}},"IP_CONTROLLER":"10.119.140.87","LIGHT_PANEL":"ЩО-2.1"},"10.119.140.86":{"PORT_CONTROLLER":50000,"STATUS":false,"Points":{"1":{"HELVAR_GROUP":1,"DIMMING":false,"ROOM":"1.1","ELECTRIC_GROUP":"1, A1"},"2":{"HELVAR_GROUP":2,"DIMMING":true,"ROOM":"1.2","ELECTRIC_GROUP":"2"},"3":{"HELVAR_GROUP":3,"DIMMING":true,"ROOM":"1.2","ELECTRIC_GROUP":"3"}},"IP_CONTROLLER":"10.119.140.86","LIGHT_PANEL":"ЩО-2.1"}}
Helvar point: 10.119.140.87 / ЩО-2.1 / 2.20.1 / 33D / 286 | Dimming = true | Scene = 0.0 / Direct Level = 0.0 / Consumption = 0.0
Helvar point: 10.119.140.87 / ЩО-2.1 / 2.20.2 / 34D / 287 | Dimming = true | Scene = 0.0 / Direct Level = 0.0 / Consumption = 0.0
Helvar point: 10.119.140.87 / ЩО-2.1 / 2.15 / 20, A20 / 257 | Dimming = false | Scene = 0.0 / Direct Level = 0.0 / Consumption = 0.0
Helvar point: 10.119.140.86 / ЩО-2.1 / 1.1 / 1, A1 / 1 | Dimming = false | Scene = 0.0 / Direct Level = 0.0 / Consumption = 0.0
Helvar point: 10.119.140.86 / ЩО-2.1 / 1.2 / 2 / 2 | Dimming = true | Scene = 0.0 / Direct Level = 0.0 / Consumption = 0.0
Helvar point: 10.119.140.86 / ЩО-2.1 / 1.2 / 3 / 3 | Dimming = true | Scene = 0.0 / Direct Level = 0.0 / Consumption = 0.0
{10.119.140.87={257=Helvar point: 10.119.140.87 / ЩО-2.1 / 2.15 / 20, A20 / 257 | Dimming = false | Scene = 0.0 / Direct Level = 0.0 / Consumption = 0.0, 286=Helvar point: 10.119.140.87 / ЩО-2.1 / 2.20.1 / 33D / 286 | Dimming = true | Scene = 0.0 / Direct Level = 0.0 / Consumption = 0.0, 287=Helvar point: 10.119.140.87 / ЩО-2.1 / 2.20.2 / 34D / 287 | Dimming = true | Scene = 0.0 / Direct Level = 0.0 / Consumption = 0.0}, 10.119.140.86={1=Helvar point: 10.119.140.86 / ЩО-2.1 / 1.1 / 1, A1 / 1 | Dimming = false | Scene = 0.0 / Direct Level = 0.0 / Consumption = 0.0, 2=Helvar point: 10.119.140.86 / ЩО-2.1 / 1.2 / 2 / 2 | Dimming = true | Scene = 0.0 / Direct Level = 0.0 / Consumption = 0.0, 3=Helvar point: 10.119.140.86 / ЩО-2.1 / 1.2 / 3 / 3 | Dimming = true | Scene = 0.0 / Direct Level = 0.0 / Consumption = 0.0}}
]]></system-out>
  <system-err><![CDATA[]]></system-err>
</testsuite>
